<?xml version="1.0" encoding="UTF-8"?>
<testng-results ignored="0" total="1" passed="1" failed="0" skipped="0">
  <reporter-output>
  </reporter-output>
  <suite started-at="2024-11-28T09:32:26 IST" name="Default suite" finished-at="2024-11-28T09:32:32 IST" duration-ms="5615">
    <groups>
    </groups>
    <test started-at="2024-11-28T09:32:26 IST" name="Default test" finished-at="2024-11-28T09:32:32 IST" duration-ms="5615">
      <class name="testNgPGM.WindowHandlesPgm">
        <test-method is-config="true" signature="setUp()[pri:0, instance:testNgPGM.WindowHandlesPgm@1ed4ae0f]" started-at="2024-11-28T09:32:26 IST" name="setUp" finished-at="2024-11-28T09:32:29 IST" duration-ms="2400" status="PASS">
          <reporter-output>
          </reporter-output>
        </test-method> <!-- setUp -->
        <test-method is-config="true" signature="URL()[pri:0, instance:testNgPGM.WindowHandlesPgm@1ed4ae0f]" started-at="2024-11-28T09:32:29 IST" name="URL" finished-at="2024-11-28T09:32:31 IST" duration-ms="1660" status="PASS">
          <reporter-output>
          </reporter-output>
        </test-method> <!-- URL -->
        <test-method signature="windowHandling()[pri:0, instance:testNgPGM.WindowHandlesPgm@1ed4ae0f]" started-at="2024-11-28T09:32:31 IST" name="windowHandling" finished-at="2024-11-28T09:32:32 IST" duration-ms="1502" status="PASS">
          <reporter-output>
          </reporter-output>
        </test-method> <!-- windowHandling -->
      </class> <!-- testNgPGM.WindowHandlesPgm -->
    </test> <!-- Default test -->
  </suite> <!-- Default suite -->
</testng-results>
